This is pdfTeX, Version 3.1415926-2.5-1.40.14 (MiKTeX 2.9) (preloaded format=pdflatex 2014.9.30)  22 MAY 2015 09:18
entering extended mode
**emnlp2015.tex
(C:\Users\Robert\Desktop\EMNLP\emnlp2015.tex
LaTeX2e <2011/06/27>
Babel <v3.8m> and hyphenation patterns for english, afrikaans, ancientgreek, ar
abic, armenian, assamese, basque, bengali, bokmal, bulgarian, catalan, coptic, 
croatian, czech, danish, dutch, esperanto, estonian, farsi, finnish, french, ga
lician, german, german-x-2013-05-26, greek, gujarati, hindi, hungarian, iceland
ic, indonesian, interlingua, irish, italian, kannada, kurmanji, latin, latvian,
 lithuanian, malayalam, marathi, mongolian, mongolianlmc, monogreek, ngerman, n
german-x-2013-05-26, nynorsk, oriya, panjabi, pinyin, polish, portuguese, roman
ian, russian, sanskrit, serbian, slovak, slovenian, spanish, swedish, swissgerm
an, tamil, telugu, turkish, turkmen, ukenglish, ukrainian, uppersorbian, usengl
ishmax, welsh, loaded.
("C:\Program Files (x86)\MiKTeX 2.9\tex\latex\base\article.cls"
Document Class: article 2007/10/19 v1.4h Standard LaTeX document class
("C:\Program Files (x86)\MiKTeX 2.9\tex\latex\base\size11.clo"
File: size11.clo 2007/10/19 v1.4h Standard LaTeX file (size option)
)
\c@part=\count79
\c@section=\count80
\c@subsection=\count81
\c@subsubsection=\count82
\c@paragraph=\count83
\c@subparagraph=\count84
\c@figure=\count85
\c@table=\count86
\abovecaptionskip=\skip41
\belowcaptionskip=\skip42
\bibindent=\dimen102
)
(C:\Users\Robert\Desktop\EMNLP\acl2015.sty
Conference Style for ACL 2015 -- released December 7, 2014
\titlebox=\skip43
) ("C:\Program Files (x86)\MiKTeX 2.9\tex\latex\psnfss\times.sty"
Package: times 2005/04/12 PSNFSS-v9.2a (SPQR) 
)
("C:\Program Files (x86)\MiKTeX 2.9\tex\latex\url\url.sty"
\Urlmuskip=\muskip10
Package: url 2013/09/16  ver 3.4  Verb mode for urls, etc.
)
("C:\Program Files (x86)\MiKTeX 2.9\tex\latex\base\latexsym.sty"
Package: latexsym 1998/08/17 v2.2e Standard LaTeX package (lasy symbols)
\symlasy=\mathgroup4
LaTeX Font Info:    Overwriting symbol font `lasy' in version `bold'
(Font)                  U/lasy/m/n --> U/lasy/b/n on input line 47.
)
No file emnlp2015.aux.
LaTeX Font Info:    Checking defaults for OML/cmm/m/it on input line 48.
LaTeX Font Info:    ... okay on input line 48.
LaTeX Font Info:    Checking defaults for T1/cmr/m/n on input line 48.
LaTeX Font Info:    ... okay on input line 48.
LaTeX Font Info:    Checking defaults for OT1/cmr/m/n on input line 48.
LaTeX Font Info:    ... okay on input line 48.
LaTeX Font Info:    Checking defaults for OMS/cmsy/m/n on input line 48.
LaTeX Font Info:    ... okay on input line 48.
LaTeX Font Info:    Checking defaults for OMX/cmex/m/n on input line 48.
LaTeX Font Info:    ... okay on input line 48.
LaTeX Font Info:    Checking defaults for U/cmr/m/n on input line 48.
LaTeX Font Info:    ... okay on input line 48.
LaTeX Font Info:    Try loading font information for OT1+ptm on input line 48.
("C:\Program Files (x86)\MiKTeX 2.9\tex\latex\psnfss\ot1ptm.fd"
File: ot1ptm.fd 2001/06/04 font definitions for OT1/ptm.
)
LaTeX Font Info:    Font shape `OT1/ptm/bx/n' in size <14.4> not available
(Font)              Font shape `OT1/ptm/b/n' tried instead on input line 49.
LaTeX Font Info:    External font `cmex10' loaded for size
(Font)              <12> on input line 49.
LaTeX Font Info:    External font `cmex10' loaded for size
(Font)              <8> on input line 49.
LaTeX Font Info:    External font `cmex10' loaded for size
(Font)              <6> on input line 49.
LaTeX Font Info:    Try loading font information for U+lasy on input line 49.

("C:\Program Files (x86)\MiKTeX 2.9\tex\latex\base\ulasy.fd"
File: ulasy.fd 1998/08/17 v2.2e LaTeX symbol font definitions
)
LaTeX Font Info:    Font shape `OT1/ptm/bx/n' in size <12> not available
(Font)              Font shape `OT1/ptm/b/n' tried instead on input line 49.
LaTeX Font Info:    Try loading font information for OT1+pcr on input line 49.

("C:\Program Files (x86)\MiKTeX 2.9\tex\latex\psnfss\ot1pcr.fd"
File: ot1pcr.fd 2001/06/04 font definitions for OT1/pcr.
)
LaTeX Font Info:    Font shape `OT1/ptm/bx/n' in size <10.95> not available
(Font)              Font shape `OT1/ptm/b/n' tried instead on input line 81.
LaTeX Font Info:    External font `cmex10' loaded for size
(Font)              <10.95> on input line 84.

Underfull \hbox (badness 5475) in paragraph at lines 83--86
[]\OT1/ptm/m/n/10.95 We will make more de-tailed in-struc-tions
 []


Underfull \hbox (badness 10000) in paragraph at lines 83--86
\OT1/ptm/m/n/10.95 avail-able at $\OT1/pcr/m/n/10.95 http : / / acl2015 . org /
$
 []


Underfull \hbox (badness 6493) in paragraph at lines 83--86
$\OT1/pcr/m/n/10.95 publication . html$\OT1/ptm/m/n/10.95 . Please check this
 []


LaTeX Warning: Reference `ssec:first' on page 1 undefined on input line 94.


LaTeX Warning: Reference `sec:length' on page 1 undefined on input line 98.

[1{C:/ProgramData/MiKTeX/2.9/pdftex/config/pdftex.map}



]
Underfull \hbox (badness 10000) in paragraph at lines 146--152
[]\OT1/pcr/m/n/10.95 \special{papersize=210mm,297mm}
 []


Underfull \hbox (badness 7685) in paragraph at lines 146--152
\OT1/ptm/m/n/10.95 in the la-tex pream-ble (di-rectly be-low the
 []


Underfull \hbox (badness 10000) in paragraph at lines 146--152
[]\OT1/pcr/m/n/10.95 \usepackage \OT1/ptm/m/n/10.95 com-mands). Then us-ing
 []

LaTeX Font Info:    Try loading font information for OMS+ptm on input line 168.

("C:\Program Files (x86)\MiKTeX 2.9\tex\latex\psnfss\omsptm.fd"
File: omsptm.fd 
)
LaTeX Font Info:    Font shape `OMS/ptm/m/n' in size <10.95> not available
(Font)              Font shape `OMS/cmsy/m/n' tried instead on input line 168.


LaTeX Warning: Reference `font-table' on page 2 undefined on input line 228.

[2]

LaTeX Warning: Citation `Gusfield:97' on page 3 undefined on input line 274.


LaTeX Warning: Citation `Gusfield:97' on page 3 undefined on input line 275.


LaTeX Warning: Citation `Aho:72' on page 3 undefined on input line 277.


LaTeX Warning: Citation `Chandra:81' on page 3 undefined on input line 277.


LaTeX Warning: Citation `Gusfield:97' on page 3 undefined on input line 279.


LaTeX Warning: Citation `Aho:72' on page 3 undefined on input line 279.


LaTeX Warning: Citation `Gusfield:97' on page 3 undefined on input line 282.


LaTeX Warning: Citation `Gusfield:97' on page 3 undefined on input line 286.


LaTeX Warning: Citation `Gusfield:97' on page 3 undefined on input line 296.


LaTeX Warning: Citation `Gusfield:97' on page 3 undefined on input line 300.


LaTeX Warning: Citation `APA:83' on page 3 undefined on input line 315.


LaTeX Warning: Citation `ACM:83' on page 3 undefined on input line 318.


Underfull \hbox (badness 1152) in paragraph at lines 320--323
[]\OT1/ptm/m/n/10.95 The L[]T[]X and BibT[]X style files pro-vided
 []

LaTeX Font Info:    External font `cmex10' loaded for size
(Font)              <9> on input line 332.
LaTeX Font Info:    External font `cmex10' loaded for size
(Font)              <5> on input line 332.

Underfull \hbox (badness 1142) in paragraph at lines 338--343
\OT1/ptm/b/n/10.95 Illustrations\OT1/ptm/m/n/10.95 : Place fig-ures, ta-bles, a
nd pho-
 []

[3]
LaTeX Font Info:    Font shape `OT1/ptm/bx/n' in size <8> not available
(Font)              Font shape `OT1/ptm/b/n' tried instead on input line 350.

Underfull \hbox (badness 1087) in paragraph at lines 360--369
\OT1/ptm/m/n/10.95 bind-ings al-low La-TeXML to ren-der the com-
 []


Underfull \hbox (badness 1466) in paragraph at lines 360--369
\OT1/ptm/m/n/10.95 pack-ages that are of-fi-cially sup-ported by La-
 []

[4] (C:\Users\Robert\Desktop\EMNLP\emnlp2015.aux)

LaTeX Warning: There were undefined references.


LaTeX Warning: Label(s) may have changed. Rerun to get cross-references right.

 ) 
Here is how much of TeX's memory you used:
 499 strings out of 493921
 6414 string characters out of 3144873
 59952 words of memory out of 3000000
 3820 multiletter control sequences out of 15000+200000
 29759 words of font info for 64 fonts, out of 3000000 for 9000
 841 hyphenation exceptions out of 8191
 23i,9n,19p,164b,256s stack positions out of 5000i,500n,10000p,200000b,50000s
{C:/Program Files (x86)/MiKTeX 2.9/fonts/enc/dvips/fontname/8r.enc}<C:/Progra
m Files (x86)/MiKTeX 2.9/fonts/type1/public/amsfonts/cm/cmsy10.pfb><C:/Program 
Files (x86)/MiKTeX 2.9/fonts/type1/urw/courier/ucrr8a.pfb><C:/Program Files (x8
6)/MiKTeX 2.9/fonts/type1/urw/times/utmb8a.pfb><C:/Program Files (x86)/MiKTeX 2
.9/fonts/type1/urw/times/utmr8a.pfb><C:/Program Files (x86)/MiKTeX 2.9/fonts/ty
pe1/urw/times/utmri8a.pfb>
Output written on emnlp2015.pdf (4 pages, 88307 bytes).
PDF statistics:
 36 PDF objects out of 1000 (max. 8388607)
 0 named destinations out of 1000 (max. 500000)
 1 words of extra memory for PDF output out of 10000 (max. 10000000)

